2025-03-02 16:11:00,118 [INFO] Activator:176 - 


2025-03-02 16:11:00,119 [INFO] Activator:177 - !SESSION log4j initialized
2025-03-02 16:11:01,802 [INFO] LogOutputStream:77 - [STDOUT_REDIRECT] 
2025-03-02 16:11:03,074 [INFO] ApplicationProperties:184 - Using Application install path: C:\ST\STM32CubeIDE_1.18.0\STM32CubeIDE\plugins\com.st.stm32cube.common.mx_6.14.0.202502271554
2025-03-02 16:11:03,083 [INFO] DbMcusXml:78 - Set database path to: C:\ST\STM32CubeIDE_1.18.0\STM32CubeIDE\plugins\com.st.stm32cube.common.mx_6.14.0.202502271554\\db\/mcu/
2025-03-02 16:11:03,083 [INFO] ApiDb:274 - Set plugin database path to: C:\ST\STM32CubeIDE_1.18.0\STM32CubeIDE\plugins\com.st.stm32cube.common.mx_6.14.0.202502271554\\db\/plugins/boardmanager/
2025-03-02 16:11:03,084 [WARN] ApiDb:259 - Overriding images path with different value:  => C:\ST\STM32CubeIDE_1.18.0\STM32CubeIDE\plugins\com.st.stm32cube.common.mx_6.14.0.202502271554\\db\/plugins/mcufinder/images/
2025-03-02 16:11:03,086 [INFO] ApiDb:250 - Set database path to: C:\Users\USER\.stmcufinder\plugins\mcufinder//mcu/
2025-03-02 16:11:03,087 [INFO] DbMcusAds:125 - Set database path to: C:\Users\USER\.stmcufinder\plugins\mcufinder//mcu/
2025-03-02 16:11:03,089 [INFO] CrossReferenceDbSqlite:203 - Set database path to: C:\Users\USER\.stmcufinder\plugins\mcufinder//mcu/cs/
2025-03-02 16:11:03,150 [INFO] RulesReader:64 - Compatibility file has been processed (301 Rules)
2025-03-02 16:11:03,196 [INFO] DbMcusXml:78 - Set database path to: C:\ST\STM32CubeIDE_1.18.0\STM32CubeIDE\plugins\com.st.stm32cube.common.mx_6.14.0.202502271554\\db\/mcu/
2025-03-02 16:11:03,196 [INFO] ApiDb:274 - Set plugin database path to: C:\ST\STM32CubeIDE_1.18.0\STM32CubeIDE\plugins\com.st.stm32cube.common.mx_6.14.0.202502271554\\db\/plugins/boardmanager/
2025-03-02 16:11:03,196 [INFO] ApiDb:261 - Set plugin images path to: C:\ST\STM32CubeIDE_1.18.0\STM32CubeIDE\plugins\com.st.stm32cube.common.mx_6.14.0.202502271554\\db\/plugins/mcufinder/images/
2025-03-02 16:11:03,196 [WARN] DbFile:41 - Overriding database path with different value: C:\Users\USER\.stmcufinder\plugins\mcufinder/ => C:\Users\USER\.stmcufinder\plugins\mcufinder
2025-03-02 16:11:03,196 [INFO] ApiDb:250 - Set database path to: C:\Users\USER\.stmcufinder\plugins\mcufinder//mcu/
2025-03-02 16:11:03,197 [WARN] DbFile:41 - Overriding database path with different value: C:\Users\USER\.stmcufinder\plugins\mcufinder/ => C:\Users\USER\.stmcufinder\plugins\mcufinder
2025-03-02 16:11:03,197 [INFO] DbMcusAds:125 - Set database path to: C:\Users\USER\.stmcufinder\plugins\mcufinder//mcu/
2025-03-02 16:11:03,197 [WARN] DbFile:41 - Overriding database path with different value: C:\Users\USER\.stmcufinder\plugins\mcufinder/ => C:\Users\USER\.stmcufinder\plugins\mcufinder
2025-03-02 16:11:03,197 [WARN] DbFile:41 - Overriding database path with different value: C:\Users\USER\.stmcufinder\plugins\mcufinder/ => C:\Users\USER\.stmcufinder\plugins\mcufinder
2025-03-02 16:11:03,198 [INFO] CrossReferenceDbSqlite:203 - Set database path to: C:\Users\USER\.stmcufinder\plugins\mcufinder//mcu/cs/
2025-03-02 16:11:03,238 [INFO] MainPanel:272 - HeapMemory: 268435456
2025-03-02 16:11:03,285 [INFO] DbMcusXml:78 - Set database path to: C:\ST\STM32CubeIDE_1.18.0\STM32CubeIDE\plugins\com.st.stm32cube.common.mx_6.14.0.202502271554\\db\/mcu/
2025-03-02 16:11:03,285 [INFO] ApiDb:274 - Set plugin database path to: C:\ST\STM32CubeIDE_1.18.0\STM32CubeIDE\plugins\com.st.stm32cube.common.mx_6.14.0.202502271554\\db\/plugins/boardmanager/
2025-03-02 16:11:03,285 [INFO] ApiDb:261 - Set plugin images path to: C:\ST\STM32CubeIDE_1.18.0\STM32CubeIDE\plugins\com.st.stm32cube.common.mx_6.14.0.202502271554\\db\/plugins/mcufinder/images/
2025-03-02 16:11:03,285 [WARN] DbFile:41 - Overriding database path with different value: C:\Users\USER\.stmcufinder\plugins\mcufinder/ => C:\Users\USER\.stmcufinder\plugins\mcufinder
2025-03-02 16:11:03,286 [INFO] ApiDb:250 - Set database path to: C:\Users\USER\.stmcufinder\plugins\mcufinder//mcu/
2025-03-02 16:11:03,286 [WARN] DbFile:41 - Overriding database path with different value: C:\Users\USER\.stmcufinder\plugins\mcufinder/ => C:\Users\USER\.stmcufinder\plugins\mcufinder
2025-03-02 16:11:03,286 [INFO] DbMcusAds:125 - Set database path to: C:\Users\USER\.stmcufinder\plugins\mcufinder//mcu/
2025-03-02 16:11:03,286 [WARN] DbFile:41 - Overriding database path with different value: C:\Users\USER\.stmcufinder\plugins\mcufinder/ => C:\Users\USER\.stmcufinder\plugins\mcufinder
2025-03-02 16:11:03,286 [WARN] DbFile:41 - Overriding database path with different value: C:\Users\USER\.stmcufinder\plugins\mcufinder/ => C:\Users\USER\.stmcufinder\plugins\mcufinder
2025-03-02 16:11:03,287 [INFO] CrossReferenceDbSqlite:203 - Set database path to: C:\Users\USER\.stmcufinder\plugins\mcufinder//mcu/cs/
2025-03-02 16:11:03,297 [INFO] ApplicationProperties:184 - Using Application install path: C:\ST\STM32CubeIDE_1.18.0\STM32CubeIDE\plugins\com.st.stm32cube.common.mx_6.14.0.202502271554
2025-03-02 16:11:03,298 [INFO] PluginManage:196 - Search for loadable plugins [exclusion list=, ]
2025-03-02 16:11:03,299 [INFO] PluginManage:310 - Check plugin analytics
2025-03-02 16:11:03,405 [INFO] AnalyticsPlugin:253 - Accepted Software Licenses: 
2025-03-02 16:11:03,405 [INFO] AnalyticsPlugin:255 - Accepted CMSIS Pack Licenses: 
2025-03-02 16:11:03,405 [INFO] AnalyticsPlugin:257 - Accepted Firmware Licenses: 
2025-03-02 16:11:03,418 [INFO] PluginManage:359 - Loaded plugin analytics (category:tool,tabindex:-1)
2025-03-02 16:11:03,419 [INFO] PluginManage:310 - Check plugin cadmodel
2025-03-02 16:11:03,422 [INFO] CADModel:105 - Init CAD model plugin
2025-03-02 16:11:03,422 [INFO] PluginManage:359 - Loaded plugin cadmodel (category:power,tabindex:5)
2025-03-02 16:11:03,422 [INFO] PluginManage:310 - Check plugin clock
2025-03-02 16:11:03,427 [INFO] PluginManage:359 - Loaded plugin clock (category:base,tabindex:2)
2025-03-02 16:11:03,427 [INFO] PluginManage:310 - Check plugin ddr
2025-03-02 16:11:03,428 [INFO] PluginManage:359 - Loaded plugin ddr (category:tool,tabindex:6)
2025-03-02 16:11:03,429 [INFO] PluginManage:310 - Check plugin filemanager
2025-03-02 16:11:03,545 [INFO] PluginManage:359 - Loaded plugin filemanager (category:base,tabindex:10)
2025-03-02 16:11:03,545 [INFO] PluginManage:310 - Check plugin ipmanager
2025-03-02 16:11:03,550 [INFO] PluginManage:359 - Loaded plugin ipmanager (category:base,tabindex:5)
2025-03-02 16:11:03,550 [INFO] PluginManage:310 - Check plugin lpbam
2025-03-02 16:11:03,556 [INFO] PluginManage:359 - Loaded plugin lpbam (category:base,tabindex:0)
2025-03-02 16:11:03,556 [INFO] PluginManage:310 - Check plugin memorymap
2025-03-02 16:11:03,563 [INFO] PluginManage:359 - Loaded plugin memorymap (category:base,tabindex:4)
2025-03-02 16:11:03,563 [INFO] PluginManage:310 - Check plugin pinoutandconfiguration
2025-03-02 16:11:03,568 [INFO] PluginManage:359 - Loaded plugin pinoutandconfiguration (category:base,tabindex:1)
2025-03-02 16:11:03,568 [INFO] PluginManage:310 - Check plugin pinoutconfig
2025-03-02 16:11:03,620 [WARN] SupportedApi:132 - Cannot load RTOS API schema: s4s-elt-must-match.1: The content of 'definitions' must match (annotation?, (simpleType | complexType)?, (unique | key | keyref)*)). A problem was found starting at: attribute.
2025-03-02 16:11:03,695 [INFO] PluginManage:359 - Loaded plugin pinoutconfig (category:base,tabindex:0)
2025-03-02 16:11:03,695 [INFO] PluginManage:310 - Check plugin power
2025-03-02 16:11:03,699 [INFO] PluginManage:359 - Loaded plugin power (category:power,tabindex:4)
2025-03-02 16:11:03,699 [INFO] PluginManage:310 - Check plugin projectmanager
2025-03-02 16:11:03,708 [INFO] PluginManage:359 - Loaded plugin projectmanager (category:projectmanager,tabindex:4)
2025-03-02 16:11:03,708 [INFO] PluginManage:310 - Check plugin rif
2025-03-02 16:11:03,712 [INFO] PluginManage:359 - Loaded plugin rif (category:base,tabindex:3)
2025-03-02 16:11:03,712 [INFO] PluginManage:310 - Check plugin thirdparty
2025-03-02 16:11:03,784 [INFO] PluginManage:359 - Loaded plugin thirdparty (category:base,tabindex:-1)
2025-03-02 16:11:03,784 [INFO] PluginManage:310 - Check plugin tools
2025-03-02 16:11:03,784 [WARN] IntegrityCheckThread:84 - waiting for thirdparty lock release [integrity check]
2025-03-02 16:11:03,784 [INFO] IntegrityCheckThread:86 - entering critical section [integrity check]
2025-03-02 16:11:03,784 [INFO] ThirdPartyUpdaterWithRetryManager:70 - Updater plugin not ready yet. [1/15]
2025-03-02 16:11:03,786 [INFO] PluginManage:359 - Loaded plugin tools (category:base,tabindex:7)
2025-03-02 16:11:03,786 [INFO] PluginManage:310 - Check plugin tutovideos
2025-03-02 16:11:03,892 [INFO] PluginManage:359 - Loaded plugin tutovideos (category:base,tabindex:-1)
2025-03-02 16:11:03,892 [INFO] PluginManage:310 - Check plugin updater
2025-03-02 16:11:03,905 [INFO] PluginManage:359 - Loaded plugin updater (category:base,tabindex:12)
2025-03-02 16:11:03,906 [INFO] PluginManage:310 - Check plugin userauth
2025-03-02 16:11:03,907 [INFO] UserAuth:118 - Init User Auth plugin
2025-03-02 16:11:03,908 [INFO] PluginManage:359 - Loaded plugin userauth (category:base,tabindex:14)
2025-03-02 16:11:03,908 [INFO] PluginManage:283 - PluginManage : Loaded plugins [18]
2025-03-02 16:11:04,023 [INFO] PinOutPanel:1589 - setPackage(No Configuration,No Configuration)
2025-03-02 16:11:04,075 [INFO] CADModel:165 - CPN selected for project level
2025-03-02 16:11:04,075 [INFO] CADModel:114 - Register for checkConnection events
2025-03-02 16:11:04,085 [INFO] IPUIPlugin:80 - create IPUIPlugin
2025-03-02 16:11:04,085 [INFO] PluginManager:220 - loadIPPluginJar : add adc
2025-03-02 16:11:04,086 [INFO] IPUIPlugin:80 - create IPUIPlugin
2025-03-02 16:11:04,086 [INFO] PluginManager:220 - loadIPPluginJar : add aes
2025-03-02 16:11:04,087 [INFO] IPUIPlugin:80 - create IPUIPlugin
2025-03-02 16:11:04,087 [INFO] PluginManager:220 - loadIPPluginJar : add can
2025-03-02 16:11:04,088 [INFO] IPUIPlugin:80 - create IPUIPlugin
2025-03-02 16:11:04,088 [INFO] PluginManager:220 - loadIPPluginJar : add comp
2025-03-02 16:11:04,090 [INFO] IPUIPlugin:80 - create IPUIPlugin
2025-03-02 16:11:04,090 [INFO] PluginManager:220 - loadIPPluginJar : add cryp
2025-03-02 16:11:04,091 [INFO] IPUIPlugin:80 - create IPUIPlugin
2025-03-02 16:11:04,091 [INFO] PluginManager:220 - loadIPPluginJar : add ddr_ctrl_phy
2025-03-02 16:11:04,092 [INFO] IPUIPlugin:80 - create IPUIPlugin
2025-03-02 16:11:04,092 [INFO] PluginManager:220 - loadIPPluginJar : add dfsdm
2025-03-02 16:11:04,095 [INFO] IPUIPlugin:80 - create IPUIPlugin
2025-03-02 16:11:04,095 [INFO] PluginManager:220 - loadIPPluginJar : add dma
2025-03-02 16:11:04,097 [INFO] IPUIPlugin:80 - create IPUIPlugin
2025-03-02 16:11:04,097 [INFO] PluginManager:220 - loadIPPluginJar : add dma3
2025-03-02 16:11:04,098 [INFO] IPUIPlugin:80 - create IPUIPlugin
2025-03-02 16:11:04,098 [INFO] PluginManager:220 - loadIPPluginJar : add extmemmanager
2025-03-02 16:11:04,099 [INFO] IPUIPlugin:80 - create IPUIPlugin
2025-03-02 16:11:04,099 [INFO] PluginManager:220 - loadIPPluginJar : add fatfs
2025-03-02 16:11:04,101 [INFO] IPUIPlugin:80 - create IPUIPlugin
2025-03-02 16:11:04,101 [INFO] PluginManager:220 - loadIPPluginJar : add fmc
2025-03-02 16:11:04,104 [INFO] IPUIPlugin:80 - create IPUIPlugin
2025-03-02 16:11:04,105 [INFO] PluginManager:220 - loadIPPluginJar : add freertos
2025-03-02 16:11:04,105 [INFO] IPUIPlugin:80 - create IPUIPlugin
2025-03-02 16:11:04,105 [INFO] PluginManager:220 - loadIPPluginJar : add genericplugin
2025-03-02 16:11:04,106 [INFO] IPUIPlugin:80 - create IPUIPlugin
2025-03-02 16:11:04,106 [INFO] PluginManager:220 - loadIPPluginJar : add gfxmmu
2025-03-02 16:11:04,109 [INFO] IPUIPlugin:80 - create IPUIPlugin
2025-03-02 16:11:04,109 [INFO] PluginManager:220 - loadIPPluginJar : add gic
2025-03-02 16:11:04,111 [INFO] IPUIPlugin:80 - create IPUIPlugin
2025-03-02 16:11:04,111 [INFO] PluginManager:220 - loadIPPluginJar : add gpio
2025-03-02 16:11:04,112 [INFO] IPUIPlugin:80 - create IPUIPlugin
2025-03-02 16:11:04,112 [INFO] PluginManager:220 - loadIPPluginJar : add gtzc
2025-03-02 16:11:04,114 [INFO] IPUIPlugin:80 - create IPUIPlugin
2025-03-02 16:11:04,114 [INFO] PluginManager:220 - loadIPPluginJar : add hash
2025-03-02 16:11:04,115 [INFO] IPUIPlugin:80 - create IPUIPlugin
2025-03-02 16:11:04,115 [INFO] PluginManager:220 - loadIPPluginJar : add i2c
2025-03-02 16:11:04,116 [INFO] IPUIPlugin:80 - create IPUIPlugin
2025-03-02 16:11:04,116 [INFO] PluginManager:220 - loadIPPluginJar : add i2s
2025-03-02 16:11:04,118 [INFO] IPUIPlugin:80 - create IPUIPlugin
2025-03-02 16:11:04,118 [INFO] PluginManager:220 - loadIPPluginJar : add i3c
2025-03-02 16:11:04,120 [INFO] IPUIPlugin:80 - create IPUIPlugin
2025-03-02 16:11:04,120 [INFO] PluginManager:220 - loadIPPluginJar : add ipddr
2025-03-02 16:11:04,124 [INFO] IPUIPlugin:80 - create IPUIPlugin
2025-03-02 16:11:04,124 [INFO] PluginManager:220 - loadIPPluginJar : add linkedlist
2025-03-02 16:11:04,125 [INFO] IPUIPlugin:80 - create IPUIPlugin
2025-03-02 16:11:04,125 [INFO] PluginManager:220 - loadIPPluginJar : add lorawan
2025-03-02 16:11:04,126 [INFO] IPUIPlugin:80 - create IPUIPlugin
2025-03-02 16:11:04,126 [INFO] PluginManager:220 - loadIPPluginJar : add ltdc
2025-03-02 16:11:04,130 [INFO] IPUIPlugin:80 - create IPUIPlugin
2025-03-02 16:11:04,130 [INFO] PluginManager:220 - loadIPPluginJar : add mdma
2025-03-02 16:11:04,132 [INFO] IPUIPlugin:80 - create IPUIPlugin
2025-03-02 16:11:04,132 [INFO] PluginManager:220 - loadIPPluginJar : add nvic
2025-03-02 16:11:04,133 [INFO] IPUIPlugin:80 - create IPUIPlugin
2025-03-02 16:11:04,133 [INFO] PluginManager:220 - loadIPPluginJar : add opamp
2025-03-02 16:11:04,135 [INFO] IPUIPlugin:80 - create IPUIPlugin
2025-03-02 16:11:04,135 [INFO] PluginManager:220 - loadIPPluginJar : add openamp
2025-03-02 16:11:04,136 [INFO] IPUIPlugin:80 - create IPUIPlugin
2025-03-02 16:11:04,137 [INFO] PluginManager:220 - loadIPPluginJar : add pdm2pcm
2025-03-02 16:11:04,140 [INFO] IPUIPlugin:80 - create IPUIPlugin
2025-03-02 16:11:04,141 [INFO] PluginManager:220 - loadIPPluginJar : add plateformsettings
2025-03-02 16:11:04,142 [INFO] IPUIPlugin:80 - create IPUIPlugin
2025-03-02 16:11:04,142 [INFO] PluginManager:220 - loadIPPluginJar : add quadspi
2025-03-02 16:11:04,143 [INFO] IPUIPlugin:80 - create IPUIPlugin
2025-03-02 16:11:04,143 [INFO] PluginManager:220 - loadIPPluginJar : add radio
2025-03-02 16:11:04,145 [INFO] IPUIPlugin:80 - create IPUIPlugin
2025-03-02 16:11:04,145 [INFO] PluginManager:220 - loadIPPluginJar : add resmgrutility
2025-03-02 16:11:04,147 [INFO] IPUIPlugin:80 - create IPUIPlugin
2025-03-02 16:11:04,147 [INFO] PluginManager:220 - loadIPPluginJar : add sai
2025-03-02 16:11:04,148 [INFO] IPUIPlugin:80 - create IPUIPlugin
2025-03-02 16:11:04,148 [INFO] PluginManager:220 - loadIPPluginJar : add spi
2025-03-02 16:11:04,151 [INFO] IPUIPlugin:80 - create IPUIPlugin
2025-03-02 16:11:04,151 [INFO] PluginManager:220 - loadIPPluginJar : add stm32_wpan
2025-03-02 16:11:04,152 [INFO] IPUIPlugin:80 - create IPUIPlugin
2025-03-02 16:11:04,152 [INFO] PluginManager:220 - loadIPPluginJar : add tim
2025-03-02 16:11:04,154 [INFO] IPUIPlugin:80 - create IPUIPlugin
2025-03-02 16:11:04,154 [INFO] PluginManager:220 - loadIPPluginJar : add touchsensing
2025-03-02 16:11:04,155 [INFO] IPUIPlugin:80 - create IPUIPlugin
2025-03-02 16:11:04,155 [INFO] PluginManager:220 - loadIPPluginJar : add tracer_emb
2025-03-02 16:11:04,156 [INFO] IPUIPlugin:80 - create IPUIPlugin
2025-03-02 16:11:04,156 [INFO] PluginManager:220 - loadIPPluginJar : add ts
2025-03-02 16:11:04,157 [INFO] IPUIPlugin:80 - create IPUIPlugin
2025-03-02 16:11:04,157 [INFO] PluginManager:220 - loadIPPluginJar : add tsc
2025-03-02 16:11:04,158 [INFO] IPUIPlugin:80 - create IPUIPlugin
2025-03-02 16:11:04,158 [INFO] PluginManager:220 - loadIPPluginJar : add ucpd
2025-03-02 16:11:04,159 [INFO] IPUIPlugin:80 - create IPUIPlugin
2025-03-02 16:11:04,159 [INFO] PluginManager:220 - loadIPPluginJar : add usart
2025-03-02 16:11:04,161 [INFO] IPUIPlugin:80 - create IPUIPlugin
2025-03-02 16:11:04,161 [INFO] PluginManager:220 - loadIPPluginJar : add usbx
2025-03-02 16:11:04,267 [FATAL] Updater:351 - Updater called before beeing initialized
2025-03-02 16:11:04,283 [INFO] RulesReader:64 - Compatibility file has been processed (301 Rules)
2025-03-02 16:11:04,289 [INFO] RulesReader:64 - Compatibility file has been processed (301 Rules)
2025-03-02 16:11:04,294 [INFO] CADModel:165 - CPN selected for project level
2025-03-02 16:11:04,294 [INFO] CADModel:114 - Register for checkConnection events
2025-03-02 16:11:04,294 [FATAL] Updater:351 - Updater called before beeing initialized
2025-03-02 16:11:04,294 [ERROR] CADModel:125 - Updater not yet initialized, retry later 
2025-03-02 16:11:04,373 [FATAL] Updater:351 - Updater called before beeing initialized
2025-03-02 16:11:04,374 [INFO] CADModel:165 - CPN selected for project level
2025-03-02 16:11:04,374 [INFO] CADModel:114 - Register for checkConnection events
2025-03-02 16:11:04,374 [FATAL] Updater:351 - Updater called before beeing initialized
2025-03-02 16:11:04,374 [ERROR] CADModel:125 - Updater not yet initialized, retry later 
2025-03-02 16:11:04,376 [FATAL] Updater:351 - Updater called before beeing initialized
2025-03-02 16:11:04,444 [FATAL] Updater:351 - Updater called before beeing initialized
2025-03-02 16:11:04,446 [INFO] DbMcusAds:53 - JSON generation date=Tue Dec 17 19:01:15 TRT 2024 (1734451275143)
2025-03-02 16:11:04,446 [FATAL] Updater:351 - Updater called before beeing initialized
2025-03-02 16:11:04,470 [WARN] DetailPanel:346 - Failed to get advertising image, set to default
2025-03-02 16:11:04,652 [FATAL] Updater:351 - Updater called before beeing initialized
2025-03-02 16:11:04,653 [FATAL] Updater:351 - Updater called before beeing initialized
2025-03-02 16:11:04,654 [FATAL] Updater:351 - Updater called before beeing initialized
2025-03-02 16:11:04,654 [WARN] DetailPanel:346 - Failed to get advertising image, set to default
2025-03-02 16:11:04,654 [FATAL] Updater:351 - Updater called before beeing initialized
2025-03-02 16:11:04,681 [ERROR] Updater:1198 - MainUpdater not yet initialized. External WinMGr cannot be set.
2025-03-02 16:11:04,682 [INFO] Updater:1134 - Updater Version found : 6.14.0
2025-03-02 16:11:04,694 [INFO] ApplicationProperties:184 - Using Application install path: C:\ST\STM32CubeIDE_1.18.0\STM32CubeIDE\plugins\com.st.stm32cube.common.mx_6.14.0.202502271554
2025-03-02 16:11:06,257 [ERROR] LogOutputStream:75 - [STDERR_REDIRECT] Mar 02, 2025 4:11:06 PM java.util.prefs.WindowsPreferences <init>
2025-03-02 16:11:06,258 [ERROR] LogOutputStream:75 - [STDERR_REDIRECT] WARNING: Could not open/create prefs root node Software\JavaSoft\Prefs at root 0xffffffff80000002. Windows RegCreateKeyEx(...) returned error code 5.
2025-03-02 16:11:06,258 [ERROR] LogOutputStream:75 - [STDERR_REDIRECT] 
2025-03-02 16:11:06,620 [INFO] MainUpdater:2872 - connection check result : 10
2025-03-02 16:11:06,620 [INFO] MainUpdater:289 - Updater Check For Update Now.
2025-03-02 16:11:06,620 [INFO] MicroXplorer:498 - Change Database Version : DB.6.0.140
2025-03-02 16:11:06,625 [INFO] McuFinderGlobals:63 - Set McuFinder mode to 2 (CubeIDE integrated)
2025-03-02 16:11:06,625 [INFO] UserAuth:171 - activating auth plugin
2025-03-02 16:11:06,627 [INFO] UserAuth:486 - Internet connection configuration mode: 1
2025-03-02 16:11:06,641 [INFO] JxBrowserEngine:152 - Initiate JxBrowser Engine with user profile folder
2025-03-02 16:11:06,767 [INFO] CheckServerUpdateThread:120 - End of CheckServer Thread
2025-03-02 16:11:06,937 [WARN] PackLoader:240 - Cannot read IP mode file for STMicroelectronics.FP-SNS-MOTENVWB1.1.4.0
2025-03-02 16:11:06,945 [WARN] PackLoader:240 - Cannot read IP mode file for STMicroelectronics.FP-ATR-ASTRA1.2.0.2
2025-03-02 16:11:06,954 [WARN] PackLoader:240 - Cannot read IP mode file for STMicroelectronics.X-CUBE-SMBUS.2.1.0
2025-03-02 16:11:06,962 [WARN] PackLoader:240 - Cannot read IP mode file for STMicroelectronics.X-CUBE-WB05N.1.1.0
2025-03-02 16:11:06,989 [WARN] PackLoader:240 - Cannot read IP mode file for STMicroelectronics.X-CUBE-AZRTOS-F7.1.1.0
2025-03-02 16:11:06,996 [WARN] PackLoader:240 - Cannot read IP mode file for STMicroelectronics.FP-SNS-FLIGHT1.5.0.2
2025-03-02 16:11:07,019 [WARN] PackLoader:240 - Cannot read IP mode file for Infineon.AIROC-Wi-Fi-Bluetooth-STM32.1.7.0
2025-03-02 16:11:07,031 [WARN] PackLoader:240 - Cannot read IP mode file for STMicroelectronics.X-CUBE-DISPLAY.3.0.0
2025-03-02 16:11:07,038 [WARN] PackLoader:240 - Cannot read IP mode file for STMicroelectronics.X-CUBE-BLE1.7.0.0
2025-03-02 16:11:07,042 [WARN] PackLoader:240 - Cannot read IP mode file for STMicroelectronics.X-CUBE-NFC10.1.0.0
2025-03-02 16:11:07,050 [WARN] PackLoader:240 - Cannot read IP mode file for STMicroelectronics.X-CUBE-BLEMGR.4.0.0
2025-03-02 16:11:07,056 [WARN] PackLoader:240 - Cannot read IP mode file for emotas.I-CUBE-CANOPEN.1.3.0
2025-03-02 16:11:07,060 [WARN] PackLoader:240 - Cannot read IP mode file for STMicroelectronics.X-CUBE-AI.10.0.0
2025-03-02 16:11:07,063 [WARN] PackLoader:240 - Cannot read IP mode file for STMicroelectronics.FP-SNS-SMARTAG2.1.2.0
2025-03-02 16:11:07,072 [INFO] WebApp:169 - Instantiating new browser for Auth
2025-03-02 16:11:07,112 [WARN] PackLoader:240 - Cannot read IP mode file for STMicroelectronics.X-CUBE-MEMS1.11.1.0
2025-03-02 16:11:07,229 [INFO] LogOutputStream:77 - [STDOUT_REDIRECT] 1 : Invalid condition id : UX_CORESTACK_Condition cause : null
2025-03-02 16:11:07,230 [INFO] LogOutputStream:77 - [STDOUT_REDIRECT] 1 : Invalid condition id : UX_CORESTACK_Condition cause : null
2025-03-02 16:11:07,231 [INFO] LogOutputStream:77 - [STDOUT_REDIRECT] 1 : Invalid condition id : UX_CORESTACK_Condition cause : null
2025-03-02 16:11:07,232 [INFO] LogOutputStream:77 - [STDOUT_REDIRECT] 1 : Invalid condition id : UX_CORESTACK_Condition cause : null
2025-03-02 16:11:07,232 [INFO] LogOutputStream:77 - [STDOUT_REDIRECT] 1 : Invalid condition id : UX_CORESTACK_Condition cause : null
2025-03-02 16:11:07,234 [WARN] PackLoader:240 - Cannot read IP mode file for STMicroelectronics.X-CUBE-AZRTOS-WL.2.0.0
2025-03-02 16:11:07,240 [WARN] PackLoader:240 - Cannot read IP mode file for STMicroelectronics.FP-SNS-MOTENV1.5.0.0
2025-03-02 16:11:07,248 [WARN] PackLoader:240 - Cannot read IP mode file for WES.I-CUBE-Cesium.1.3.0
2025-03-02 16:11:07,253 [WARN] PackLoader:240 - Cannot read IP mode file for STMicroelectronics.X-CUBE-BLE2.3.3.0
2025-03-02 16:11:07,259 [WARN] PackLoader:240 - Cannot read IP mode file for STMicroelectronics.X-CUBE-NFC9.1.0.0
2025-03-02 16:11:07,264 [WARN] PackLoader:240 - Cannot read IP mode file for wolfSSL.I-CUBE-wolfMQTT.1.19.2
2025-03-02 16:11:07,273 [WARN] PackLoader:240 - Cannot read IP mode file for STMicroelectronics.X-CUBE-AZRTOS-G0.1.1.0
2025-03-02 16:11:07,280 [WARN] PackLoader:240 - Cannot read IP mode file for STMicroelectronics.X-CUBE-SAFEA1.1.2.2
2025-03-02 16:11:07,284 [WARN] PackLoader:240 - Cannot read IP mode file for STMicroelectronics.X-CUBE-NFC4.3.0.0
2025-03-02 16:11:07,292 [WARN] PackLoader:240 - Cannot read IP mode file for EmbeddedOffice.I-CUBE-FS-RTOS.1.0.1
2025-03-02 16:11:07,297 [WARN] PackLoader:240 - Cannot read IP mode file for wolfSSL.I-CUBE-wolfTPM.3.8.0
2025-03-02 16:11:07,302 [WARN] PackLoader:240 - Cannot read IP mode file for STMicroelectronics.X-CUBE-TCPP.4.2.0
2025-03-02 16:11:07,308 [WARN] PackLoader:240 - Cannot read IP mode file for RealThread.X-CUBE-RT-Thread_Nano.4.1.1
2025-03-02 16:11:07,312 [WARN] PackLoader:240 - Cannot read IP mode file for STMicroelectronics.FP-ATR-SIGFOX1.3.2.0
2025-03-02 16:11:07,316 [WARN] ConditionMgr:438 - getConditionDescription Invalid condition id : Cortex-A Device cause : null
2025-03-02 16:11:07,329 [WARN] ConditionMgr:1044 - genDependencies : Invalid condition id : Cortex-A Device cause : null
2025-03-02 16:11:07,329 [WARN] ConditionMgr:1044 - genDependencies : Invalid condition id : Cortex-A Device cause : null
2025-03-02 16:11:07,329 [WARN] ConditionMgr:1044 - genDependencies : Invalid condition id : Cortex-A Device cause : null
2025-03-02 16:11:07,334 [WARN] PackLoader:240 - Cannot read IP mode file for STMicroelectronics.X-CUBE-EEPRMA1.5.1.0
2025-03-02 16:11:07,339 [WARN] PackLoader:240 - Cannot read IP mode file for wolfSSL.I-CUBE-wolfSSL.5.7.6
2025-03-02 16:11:07,343 [WARN] PackLoader:240 - Cannot read IP mode file for ITTIA_DB.I-CUBE-ITTIADB.8.9.0
2025-03-02 16:11:07,366 [WARN] PackLoader:240 - Cannot read IP mode file for SEGGER.I-CUBE-embOS.1.3.1
2025-03-02 16:11:07,426 [WARN] PackLoader:240 - Cannot read IP mode file for STMicroelectronics.X-CUBE-ALGOBUILD.1.4.0
2025-03-02 16:11:07,439 [WARN] PackLoader:240 - Cannot read IP mode file for STMicroelectronics.X-CUBE-AZRTOS-F4.1.1.0
2025-03-02 16:11:07,444 [WARN] PackLoader:240 - Cannot read IP mode file for STMicroelectronics.X-CUBE-ISPU.2.1.0
2025-03-02 16:11:07,452 [WARN] PackLoader:240 - Cannot read IP mode file for STMicroelectronics.X-CUBE-AZRTOS-L5.2.0.0
2025-03-02 16:11:07,459 [WARN] PackLoader:240 - Cannot read IP mode file for STMicroelectronics.X-CUBE-NFC6.3.1.0
2025-03-02 16:11:07,465 [WARN] PackLoader:240 - Cannot read IP mode file for STMicroelectronics.X-CUBE-DPower.1.2.0
2025-03-02 16:11:07,470 [WARN] PackLoader:240 - Cannot read IP mode file for STMicroelectronics.X-CUBE-FREERTOS.1.3.0
2025-03-02 16:11:07,475 [WARN] PackLoader:240 - Cannot read IP mode file for STMicroelectronics.X-CUBE-NFC7.1.0.1
2025-03-02 16:11:07,488 [WARN] ConditionMgr:438 - getConditionDescription Invalid condition id : LAN8742 Phy interface Condition cause : null
2025-03-02 16:11:07,489 [WARN] PackLoader:240 - Cannot read IP mode file for STMicroelectronics.X-CUBE-AZRTOS-L4.2.0.0
2025-03-02 16:11:07,491 [WARN] ConditionMgr:1044 - genDependencies : Invalid condition id : LAN8742 Phy interface Condition cause : null
2025-03-02 16:11:07,491 [WARN] ConditionMgr:1044 - genDependencies : Invalid condition id : LAN8742 Phy interface Condition cause : null
2025-03-02 16:11:07,492 [WARN] ConditionMgr:1044 - genDependencies : Invalid condition id : LAN8742 Phy interface Condition cause : null
2025-03-02 16:11:07,499 [WARN] PackLoader:240 - Cannot read IP mode file for STMicroelectronics.X-CUBE-SFXS2LP1.4.0.0
2025-03-02 16:11:07,515 [WARN] PackLoader:240 - Cannot read IP mode file for STMicroelectronics.X-CUBE-AZRTOS-H7.3.3.0
2025-03-02 16:11:07,528 [WARN] ConditionMgr:438 - getConditionDescription Invalid condition id : UX DEVICE CLASS RTOS Condition cause : null
2025-03-02 16:11:07,529 [WARN] ConditionMgr:438 - getConditionDescription Invalid condition id : UX DEVICE CLASS RTOS Condition cause : null
2025-03-02 16:11:07,530 [WARN] PackLoader:240 - Cannot read IP mode file for STMicroelectronics.X-CUBE-AZRTOS-WB.2.0.0
2025-03-02 16:11:07,531 [WARN] ConditionMgr:1044 - genDependencies : Invalid condition id : UX DEVICE CLASS RTOS Condition cause : null
2025-03-02 16:11:07,531 [WARN] ConditionMgr:1044 - genDependencies : Invalid condition id : UX DEVICE CLASS RTOS Condition cause : null
2025-03-02 16:11:07,531 [WARN] ConditionMgr:1044 - genDependencies : Invalid condition id : UX DEVICE CLASS RTOS Condition cause : null
2025-03-02 16:11:07,531 [WARN] ConditionMgr:1044 - genDependencies : Invalid condition id : UX DEVICE CLASS RTOS Condition cause : null
2025-03-02 16:11:07,531 [WARN] ConditionMgr:1044 - genDependencies : Invalid condition id : UX DEVICE CLASS RTOS Condition cause : null
2025-03-02 16:11:07,537 [WARN] PackLoader:240 - Cannot read IP mode file for STMicroelectronics.X-CUBE-GNSS1.7.0.1
2025-03-02 16:11:07,543 [WARN] PackLoader:240 - Cannot read IP mode file for STMicroelectronics.FP-SNS-STBOX1.2.0.0
2025-03-02 16:11:07,552 [WARN] PackLoader:240 - Cannot read IP mode file for STMicroelectronics.X-CUBE-SUBG2.5.0.0
2025-03-02 16:11:07,559 [WARN] PackLoader:240 - Cannot read IP mode file for Cesanta.I-CUBE-Mongoose.7.13.0
2025-03-02 16:11:07,570 [WARN] PackLoader:240 - Cannot read IP mode file for STMicroelectronics.X-CUBE-AZRTOS-G4.2.0.0
2025-03-02 16:11:07,574 [WARN] PackLoader:240 - Cannot read IP mode file for wolfSSL.I-CUBE-wolfSSH.1.4.20
2025-03-02 16:11:07,582 [WARN] PackLoader:240 - Cannot read IP mode file for STMicroelectronics.X-CUBE-IPS.3.1.0
2025-03-02 16:11:07,590 [WARN] PackLoader:240 - Cannot read IP mode file for STMicroelectronics.X-CUBE-ALS.1.0.2
2025-03-02 16:11:07,594 [WARN] PackLoader:240 - Cannot read IP mode file for STMicroelectronics.X-CUBE-TOUCHGFX.4.24.2
2025-03-02 16:11:07,598 [WARN] PackLoader:240 - Cannot read IP mode file for portGmbH.I-Cube-SoM-uGOAL.1.1.0
2025-03-02 16:11:07,610 [WARN] PackLoader:240 - Cannot read IP mode file for STMicroelectronics.X-CUBE-AZRTOS-H7RS.1.0.0
2025-03-02 16:11:07,619 [WARN] PackLoader:240 - Cannot read IP mode file for STMicroelectronics.X-CUBE-TOF1.3.4.2
2025-03-02 16:11:07,625 [INFO] ThirdParty:978 - Integrity check success = true
2025-03-02 16:11:07,625 [INFO] IntegrityCheckThread:100 - exiting critical section [integrity check]
2025-03-02 16:11:07,625 [INFO] IntegrityCheckThread:103 - End integrity checks thread
2025-03-02 16:11:07,804 [INFO] WebApp:463 - Apply proxy settings
2025-03-02 16:11:07,804 [INFO] WebApp:548 - Chromium requires no authentication
2025-03-02 16:11:07,809 [INFO] WebApp:491 - Direct internet connection detected
2025-03-02 16:11:07,822 [INFO] WebApp:894 - Register for checkConnection events
2025-03-02 16:11:07,823 [INFO] WebApp:463 - Apply proxy settings
2025-03-02 16:11:07,823 [INFO] WebApp:548 - Chromium requires no authentication
2025-03-02 16:11:07,823 [INFO] WebApp:491 - Direct internet connection detected
2025-03-02 16:11:07,917 [INFO] WebApp:225 - Starting web application
2025-03-02 16:11:07,917 [INFO] WebApp:593 - Web application path used C:\ST\STM32CubeIDE_1.18.0\STM32CubeIDE\plugins\com.st.stm32cube.common.mx_6.14.0.202502271554\db\plugins\mcufinder\reactClient1\index.html
2025-03-02 16:11:08,200 [INFO] WebApp:191 - Connection restablished
2025-03-02 16:11:46,819 [ERROR] LogOutputStream:75 - [STDERR_REDIRECT] 
2025-03-02 16:11:46,819 [ERROR] LogOutputStream:75 - [STDERR_REDIRECT] 
